<?xml version="1.0" encoding="UTF-8"?>
<!-- Generated by org.testng.reporters.JUnitReportReporter -->
<testsuite hostname="LAPTOP-12PD747Q" failures="0" tests="1" name="Base_Library.base_library" time="18.074" errors="0" timestamp="2025-02-23T15:43:08 IST" skipped="0">
  <testcase classname="Base_Library.base_library" name="LaunchUrl" time="18.074"/>
  <system-out/>
</testsuite> <!-- Base_Library.base_library -->
