<?xml version="1.0" encoding="UTF-8"?>
<!-- Generated by org.testng.reporters.JUnitReportReporter -->
<testsuite hostname="LAPTOP-12PD747Q" failures="0" tests="4" name="Tests.Contactus_Test" time="28.583" errors="0" timestamp="2025-03-03T15:04:01 IST" skipped="0">
  <testcase classname="Tests.Contactus_Test" name="Clickoncontactus" time="22.416"/>
  <system-out/>
  <testcase classname="Tests.Contactus_Test" name="clickonFilldetails" time="5.658"/>
  <system-out/>
  <testcase classname="Tests.Contactus_Test" name="Clickonupload" time="0.294"/>
  <system-out/>
  <testcase classname="Tests.Contactus_Test" name="Clickonsubmit" time="0.215"/>
  <system-out/>
</testsuite> <!-- Tests.Contactus_Test -->
