<?xml version="1.0" encoding="UTF-8"?>
<!-- Generated by org.testng.reporters.JUnitReportReporter -->
<testsuite hostname="LAPTOP-12PD747Q" failures="0" tests="6" name="Tests.login_signup_Test" time="39.226" errors="0" timestamp="2025-02-24T15:41:24 IST" skipped="0">
  <testcase classname="Tests.login_signup_Test" name="Clickonlogin" time="1.797"/>
  <system-out/>
  <testcase classname="Tests.login_signup_Test" name="fillDetails" time="6.661"/>
  <system-out/>
  <testcase classname="Tests.login_signup_Test" name="clicKoncreateacc" time="3.379"/>
  <system-out/>
  <testcase classname="Tests.login_signup_Test" name="clickOncontinue" time="21.638"/>
  <system-out/>
  <testcase classname="Tests.login_signup_Test" name="clickOndelete" time="2.935"/>
  <system-out/>
  <testcase classname="Tests.login_signup_Test" name="clickOndelcon" time="2.816"/>
  <system-out/>
</testsuite> <!-- Tests.login_signup_Test -->
