<?xml version="1.0" encoding="UTF-8"?>
<!-- Generated by org.testng.reporters.JUnitReportReporter -->
<testsuite hostname="LAPTOP-12PD747Q" failures="0" tests="4" name="Tests.Product_details_varification_Test" time="7.323" errors="0" timestamp="2025-03-10T12:20:50 IST" skipped="0">
  <testcase classname="Tests.Product_details_varification_Test" name="homepagevari" time="0.175"/>
  <system-out/>
  <testcase classname="Tests.Product_details_varification_Test" name="Clickonproduct" time="4.366"/>
  <system-out/>
  <testcase classname="Tests.Product_details_varification_Test" name="Clickonsearch" time="2.548"/>
  <system-out/>
  <testcase classname="Tests.Product_details_varification_Test" name="verifytheproducts" time="0.234"/>
  <system-out/>
</testsuite> <!-- Tests.Product_details_varification_Test -->
