<?xml version="1.0" encoding="UTF-8"?>
<!-- Generated by org.testng.reporters.JUnitReportReporter -->
<testsuite hostname="LAPTOP-12PD747Q" failures="0" tests="15" name="Tests.AddProductsToCart_Test" time="27.259" errors="0" timestamp="2025-06-20T22:16:29 IST" skipped="0">
  <testcase classname="Tests.AddProductsToCart_Test" name="Clickonproduct" time="2.645"/>
  <system-out/>
  <testcase classname="Tests.AddProductsToCart_Test" name="clickonProduct1" time="0.459"/>
  <system-out/>
  <testcase classname="Tests.AddProductsToCart_Test" name="clickoncontinue" time="0.948"/>
  <system-out/>
  <testcase classname="Tests.AddProductsToCart_Test" name="clickonProduct2" time="0.349"/>
  <system-out/>
  <testcase classname="Tests.AddProductsToCart_Test" name="clickonviewcart" time="1.998"/>
  <system-out/>
  <testcase classname="Tests.AddProductsToCart_Test" name="Clickoncheckout" time="0.258"/>
  <system-out/>
  <testcase classname="Tests.AddProductsToCart_Test" name="Clickonlogin" time="1.128"/>
  <system-out/>
  <testcase classname="Tests.AddProductsToCart_Test" name="fillDetails" time="6.900"/>
  <system-out/>
  <testcase classname="Tests.AddProductsToCart_Test" name="clicKoncreateacc" time="1.682"/>
  <system-out/>
  <testcase classname="Tests.AddProductsToCart_Test" name="clickOncontinue" time="2.575"/>
  <system-out/>
  <testcase classname="Tests.AddProductsToCart_Test" name="Clickoncart" time="1.583"/>
  <system-out/>
  <testcase classname="Tests.AddProductsToCart_Test" name="Clickonfinalcheckout" time="2.053"/>
  <system-out/>
  <testcase classname="Tests.AddProductsToCart_Test" name="Clickonplaceorder" time="1.227"/>
  <system-out/>
  <testcase classname="Tests.AddProductsToCart_Test" name="ClickonFilldetails1" time="0.935"/>
  <system-out/>
  <testcase classname="Tests.AddProductsToCart_Test" name="Clickonpayandconfirm" time="2.519"/>
  <system-out/>
</testsuite> <!-- Tests.AddProductsToCart_Test -->
