<?xml version="1.0" encoding="UTF-8"?>
<!-- Generated by org.testng.reporters.JUnitReportReporter -->
<testsuite hostname="LAPTOP-12PD747Q" failures="0" tests="2" name="Tests.Home_Page_Varification_Test" time="39.204" errors="0" timestamp="2025-03-23T16:14:47 IST" skipped="0">
  <testcase classname="Tests.Home_Page_Varification_Test" name="Clickonhomepage" time="0.067"/>
  <system-out/>
  <testcase classname="Tests.Home_Page_Varification_Test" name="clickontestCase" time="39.137"/>
  <system-out/>
</testsuite> <!-- Tests.Home_Page_Varification_Test -->
